Removed Pin From Net: NetName=D7 Pin=STM32-2
Removed Pin From Net: NetName=D6 Pin=STM32-3
Removed Pin From Net: NetName=D5 Pin=STM32-4
Removed Pin From Net: NetName=D4 Pin=STM32-5
Removed Pin From Net: NetName=D3 Pin=STM32-6
Removed Pin From Net: NetName=D2 Pin=STM32-8
Removed Pin From Net: NetName=D1 Pin=STM32-9
Removed Pin From Net: NetName=D0 Pin=STM32-10
Removed Pin From Net: NetName=Backlight_PWM Pin=STM32-11
Removed Pin From Net: NetName=/RESET Pin=STM32-14
Removed Pin From Net: NetName=RD Pin=STM32-15
Removed Pin From Net: NetName=WR Pin=STM32-16
Removed Pin From Net: NetName=C/D Pin=STM32-17
Removed Pin From Net: NetName=Display_CS Pin=STM32-20
Removed Pin From Net: NetName=TRIP Pin=STM32-33
Removed Pin From Net: NetName=STM32_OK Pin=STM32-34
Removed Pin From Net: NetName=ERROR Pin=STM32-35
Removed Pin From Net: NetName=CAN_FAULT Pin=STM32-36
Removed Pin From Net: NetName=D/C Pin=STM32-40
Removed Pin From Net: NetName=SD_CS Pin=STM32-41
Removed Pin From Net: NetName=SD_detect Pin=STM32-43
Removed Pin From Net: NetName=Buzzer Pin=STM32-56
Added Pin To Net: NetName=Buzzer Pin=STM32-15
Added Pin To Net: NetName=D/C Pin=STM32-16
Added Pin To Net: NetName=STM32_OK Pin=STM32-20
Added Pin To Net: NetName=ERROR Pin=STM32-24
Added Pin To Net: NetName=CAN_FAULT Pin=STM32-25
Added Pin To Net: NetName=Display_CS Pin=STM32-26
Added Pin To Net: NetName=C/D Pin=STM32-27
Added Pin To Net: NetName=WR Pin=STM32-28
Added Pin To Net: NetName=RD Pin=STM32-29
Added Pin To Net: NetName=/RESET Pin=STM32-33
Added Pin To Net: NetName=Backlight_PWM Pin=STM32-34
Added Pin To Net: NetName=D0 Pin=STM32-35
Added Pin To Net: NetName=D1 Pin=STM32-36
Added Pin To Net: NetName=D2 Pin=STM32-37
Added Pin To Net: NetName=D3 Pin=STM32-38
Added Pin To Net: NetName=D4 Pin=STM32-39
Added Pin To Net: NetName=D5 Pin=STM32-40
Added Pin To Net: NetName=D6 Pin=STM32-41
Added Pin To Net: NetName=D7 Pin=STM32-43
Added Pin To Net: NetName=TRIP Pin=STM32-50
Added Pin To Net: NetName=SD_detect Pin=STM32-57
Added Pin To Net: NetName=SD_CS Pin=STM32-58
Added Room: Name=Steering
